<?xml version="1.0" encoding="UTF-8"?>
<testng-results skipped="0" failed="0" total="1" passed="1">
  <reporter-output>
  </reporter-output>
  <suite name="Default suite" duration-ms="38490" started-at="2019-12-11T14:56:44Z" finished-at="2019-12-11T14:57:22Z">
    <groups>
    </groups>
    <test name="Default test" duration-ms="38490" started-at="2019-12-11T14:56:44Z" finished-at="2019-12-11T14:57:22Z">
      <class name="com.selenium.tests.FileUploadAndAutoITRobot">
        <test-method status="PASS" signature="beforeTest()[pri:0, instance:com.selenium.tests.FileUploadAndAutoITRobot@737996a0]" name="beforeTest" is-config="true" duration-ms="54" started-at="2019-12-11T20:26:44Z" finished-at="2019-12-11T20:26:44Z">
          <reporter-output>
          </reporter-output>
        </test-method> <!-- beforeTest -->
        <test-method status="PASS" signature="beforeClass()[pri:0, instance:com.selenium.tests.FileUploadAndAutoITRobot@737996a0]" name="beforeClass" is-config="true" duration-ms="1" started-at="2019-12-11T20:26:44Z" finished-at="2019-12-11T20:26:44Z">
          <reporter-output>
          </reporter-output>
        </test-method> <!-- beforeClass -->
        <test-method status="PASS" signature="launchBrowser()[pri:0, instance:com.selenium.tests.FileUploadAndAutoITRobot@737996a0]" name="launchBrowser" is-config="true" duration-ms="27727" started-at="2019-12-11T20:26:44Z" finished-at="2019-12-11T20:27:12Z">
          <reporter-output>
          </reporter-output>
        </test-method> <!-- launchBrowser -->
        <test-method status="PASS" signature="fileUpoadExample1()[pri:0, instance:com.selenium.tests.FileUploadAndAutoITRobot@737996a0]" name="fileUpoadExample1" duration-ms="10632" started-at="2019-12-11T20:27:12Z" finished-at="2019-12-11T20:27:22Z">
          <reporter-output>
          </reporter-output>
        </test-method> <!-- fileUpoadExample1 -->
        <test-method status="PASS" signature="afterClass()[pri:0, instance:com.selenium.tests.FileUploadAndAutoITRobot@737996a0]" name="afterClass" is-config="true" duration-ms="1" started-at="2019-12-11T20:27:22Z" finished-at="2019-12-11T20:27:22Z">
          <reporter-output>
          </reporter-output>
        </test-method> <!-- afterClass -->
        <test-method status="PASS" signature="afterTest()[pri:0, instance:com.selenium.tests.FileUploadAndAutoITRobot@737996a0]" name="afterTest" is-config="true" duration-ms="1" started-at="2019-12-11T20:27:22Z" finished-at="2019-12-11T20:27:22Z">
          <reporter-output>
          </reporter-output>
        </test-method> <!-- afterTest -->
      </class> <!-- com.selenium.tests.FileUploadAndAutoITRobot -->
    </test> <!-- Default test -->
  </suite> <!-- Default suite -->
</testng-results>
